----------------------------------------
Transfer started at Tue Dec 23 06:03:52 UTC 2025
----------------------------------------
Transfer started at Tue Dec 23 06:04:39 UTC 2025
ssh: connect to host 172.29.143.190 port 22: Connection timed out
rsync: connection unexpectedly closed (0 bytes received so far) [sender]
rsync error: unexplained error (code 255) at io.c(232) [sender=3.2.7]
Transfer failed at Tue Dec 23 06:06:52 UTC 2025
Transfer started at Tue Dec 23 06:08:05 UTC 2025
rsync error: received SIGINT, SIGTERM, or SIGHUP (code 20) at rsync.c(716) [sender=3.2.7]
Transfer failed at Tue Dec 23 06:10:16 UTC 2025
Transfer started at Tue Dec 23 06:13:14 UTC 2025
ssh: connect to host 172.29.143.190 port 22: Connection timed out
rsync: connection unexpectedly closed (0 bytes received so far) [sender]
rsync error: unexplained error (code 255) at io.c(232) [sender=3.2.7]
Transfer failed at Tue Dec 23 06:15:29 UTC 2025
Transfer started at Tue Dec 23 06:16:49 UTC 2025
rsync error: received SIGINT, SIGTERM, or SIGHUP (code 20) at rsync.c(716) [sender=3.2.7]
Transfer failed at Tue Dec 23 06:17:59 UTC 2025
----------------------------------------
Transfer started at Tue Dec 23 07:24:10 UTC 2025
Transfer successful at Tue Dec 23 07:24:10 UTC 2025
